[2026-04-04T15:46:17.847+0000] {taskinstance.py:1957} INFO - Dependencies all met for dep_context=non-requeueable deps ti=<TaskInstance: stock_pipeline_daily.load_to_redshift manual__2026-04-04T15:10:27.347545+00:00 [queued]>
[2026-04-04T15:46:17.855+0000] {taskinstance.py:1957} INFO - Dependencies all met for dep_context=requeueable deps ti=<TaskInstance: stock_pipeline_daily.load_to_redshift manual__2026-04-04T15:10:27.347545+00:00 [queued]>
[2026-04-04T15:46:17.855+0000] {taskinstance.py:2171} INFO - Starting attempt 4 of 6
[2026-04-04T15:46:17.869+0000] {taskinstance.py:2192} INFO - Executing <Task(PythonOperator): load_to_redshift> on 2026-04-04 15:10:27.347545+00:00
[2026-04-04T15:46:17.875+0000] {standard_task_runner.py:60} INFO - Started process 1398 to run task
[2026-04-04T15:46:17.879+0000] {standard_task_runner.py:87} INFO - Running: ['***', 'tasks', 'run', 'stock_pipeline_daily', 'load_to_redshift', 'manual__2026-04-04T15:10:27.347545+00:00', '--job-id', '13', '--raw', '--subdir', 'DAGS_FOLDER/stock_pipeline_dag.py', '--cfg-path', '/tmp/tmptrbv119l']
[2026-04-04T15:46:17.883+0000] {standard_task_runner.py:88} INFO - Job 13: Subtask load_to_redshift
[2026-04-04T15:46:17.944+0000] {task_command.py:423} INFO - Running <TaskInstance: stock_pipeline_daily.load_to_redshift manual__2026-04-04T15:10:27.347545+00:00 [running]> on host 67a8c525ce44
[2026-04-04T15:46:18.010+0000] {taskinstance.py:2481} INFO - Exporting env vars: AIRFLOW_CTX_DAG_OWNER='pratham' AIRFLOW_CTX_DAG_ID='stock_pipeline_daily' AIRFLOW_CTX_TASK_ID='load_to_redshift' AIRFLOW_CTX_EXECUTION_DATE='2026-04-04T15:10:27.347545+00:00' AIRFLOW_CTX_TRY_NUMBER='4' AIRFLOW_CTX_DAG_RUN_ID='manual__2026-04-04T15:10:27.347545+00:00'
[2026-04-04T15:46:38.106+0000] {local_task_job_runner.py:302} WARNING - State of this instance has been externally set to restarting. Terminating instance.
[2026-04-04T15:46:38.109+0000] {process_utils.py:131} INFO - Sending 15 to group 1398. PIDs of all processes in the group: [1399, 1398]
[2026-04-04T15:46:38.110+0000] {process_utils.py:86} INFO - Sending the signal 15 to group 1398
[2026-04-04T15:46:38.110+0000] {taskinstance.py:2451} ERROR - Received SIGTERM. Terminating subprocesses.
[2026-04-04T15:46:38.116+0000] {process_utils.py:79} INFO - Process psutil.Process(pid=1399, status='terminated', started='15:46:17') (1399) terminated with exit code None
[2026-04-04T15:46:38.125+0000] {taskinstance.py:2699} ERROR - Task failed with exception
Traceback (most recent call last):
  File "/home/airflow/.local/lib/python3.11/site-packages/airflow/models/taskinstance.py", line 433, in _execute_task
    result = execute_callable(context=context, **execute_callable_kwargs)
             ^^^^^^^^^^^^^^^^^^^^^^^^^^^^^^^^^^^^^^^^^^^^^^^^^^^^^^^^^^^^
  File "/home/airflow/.local/lib/python3.11/site-packages/airflow/operators/python.py", line 199, in execute
    return_value = self.execute_callable()
                   ^^^^^^^^^^^^^^^^^^^^^^^
  File "/home/airflow/.local/lib/python3.11/site-packages/airflow/operators/python.py", line 216, in execute_callable
    return self.python_callable(*self.op_args, **self.op_kwargs)
           ^^^^^^^^^^^^^^^^^^^^^^^^^^^^^^^^^^^^^^^^^^^^^^^^^^^^^
  File "/opt/airflow/dags/stock_pipeline_dag.py", line 45, in task_load_to_redshift
    run_script(f'{PROJECT_DIR}/s3/load_to_redshift.py')
  File "/opt/airflow/dags/stock_pipeline_dag.py", line 20, in run_script
    result = subprocess.run(
             ^^^^^^^^^^^^^^^
  File "/usr/local/lib/python3.11/subprocess.py", line 550, in run
    stdout, stderr = process.communicate(input, timeout=timeout)
                     ^^^^^^^^^^^^^^^^^^^^^^^^^^^^^^^^^^^^^^^^^^^
  File "/usr/local/lib/python3.11/subprocess.py", line 1209, in communicate
    stdout, stderr = self._communicate(input, endtime, timeout)
                     ^^^^^^^^^^^^^^^^^^^^^^^^^^^^^^^^^^^^^^^^^^
  File "/usr/local/lib/python3.11/subprocess.py", line 2108, in _communicate
    ready = selector.select(timeout)
            ^^^^^^^^^^^^^^^^^^^^^^^^
  File "/usr/local/lib/python3.11/selectors.py", line 415, in select
    fd_event_list = self._selector.poll(timeout)
                    ^^^^^^^^^^^^^^^^^^^^^^^^^^^^
  File "/home/airflow/.local/lib/python3.11/site-packages/airflow/models/taskinstance.py", line 2453, in signal_handler
    raise AirflowException("Task received SIGTERM signal")
airflow.exceptions.AirflowException: Task received SIGTERM signal
[2026-04-04T15:46:38.131+0000] {taskinstance.py:1138} INFO - Marking task as UP_FOR_RETRY. dag_id=stock_pipeline_daily, task_id=load_to_redshift, execution_date=20260404T151027, start_date=20260404T154617, end_date=20260404T154638
[2026-04-04T15:46:38.140+0000] {standard_task_runner.py:107} ERROR - Failed to execute job 13 for task load_to_redshift (Task received SIGTERM signal; 1398)
[2026-04-04T15:46:38.150+0000] {process_utils.py:79} INFO - Process psutil.Process(pid=1398, status='terminated', exitcode=1, started='15:46:17') (1398) terminated with exit code 1
