[2026-04-04T15:28:26.432+0000] {taskinstance.py:1957} INFO - Dependencies all met for dep_context=non-requeueable deps ti=<TaskInstance: stock_pipeline_daily.load_to_redshift manual__2026-04-04T15:10:27.347545+00:00 [queued]>
[2026-04-04T15:28:26.438+0000] {taskinstance.py:1957} INFO - Dependencies all met for dep_context=requeueable deps ti=<TaskInstance: stock_pipeline_daily.load_to_redshift manual__2026-04-04T15:10:27.347545+00:00 [queued]>
[2026-04-04T15:28:26.439+0000] {taskinstance.py:2171} INFO - Starting attempt 3 of 3
[2026-04-04T15:28:26.449+0000] {taskinstance.py:2192} INFO - Executing <Task(PythonOperator): load_to_redshift> on 2026-04-04 15:10:27.347545+00:00
[2026-04-04T15:28:26.453+0000] {standard_task_runner.py:60} INFO - Started process 1215 to run task
[2026-04-04T15:28:26.456+0000] {standard_task_runner.py:87} INFO - Running: ['***', 'tasks', 'run', 'stock_pipeline_daily', 'load_to_redshift', 'manual__2026-04-04T15:10:27.347545+00:00', '--job-id', '12', '--raw', '--subdir', 'DAGS_FOLDER/stock_pipeline_dag.py', '--cfg-path', '/tmp/tmp80hf63p7']
[2026-04-04T15:28:26.460+0000] {standard_task_runner.py:88} INFO - Job 12: Subtask load_to_redshift
[2026-04-04T15:28:26.517+0000] {task_command.py:423} INFO - Running <TaskInstance: stock_pipeline_daily.load_to_redshift manual__2026-04-04T15:10:27.347545+00:00 [running]> on host 67a8c525ce44
[2026-04-04T15:28:26.605+0000] {taskinstance.py:2481} INFO - Exporting env vars: AIRFLOW_CTX_DAG_OWNER='pratham' AIRFLOW_CTX_DAG_ID='stock_pipeline_daily' AIRFLOW_CTX_TASK_ID='load_to_redshift' AIRFLOW_CTX_EXECUTION_DATE='2026-04-04T15:10:27.347545+00:00' AIRFLOW_CTX_TRY_NUMBER='3' AIRFLOW_CTX_DAG_RUN_ID='manual__2026-04-04T15:10:27.347545+00:00'
[2026-04-04T15:28:26.935+0000] {taskinstance.py:2699} ERROR - Task failed with exception
Traceback (most recent call last):
  File "/home/airflow/.local/lib/python3.11/site-packages/airflow/models/taskinstance.py", line 433, in _execute_task
    result = execute_callable(context=context, **execute_callable_kwargs)
             ^^^^^^^^^^^^^^^^^^^^^^^^^^^^^^^^^^^^^^^^^^^^^^^^^^^^^^^^^^^^
  File "/home/airflow/.local/lib/python3.11/site-packages/airflow/operators/python.py", line 199, in execute
    return_value = self.execute_callable()
                   ^^^^^^^^^^^^^^^^^^^^^^^
  File "/home/airflow/.local/lib/python3.11/site-packages/airflow/operators/python.py", line 216, in execute_callable
    return self.python_callable(*self.op_args, **self.op_kwargs)
           ^^^^^^^^^^^^^^^^^^^^^^^^^^^^^^^^^^^^^^^^^^^^^^^^^^^^^
  File "/opt/airflow/dags/stock_pipeline_dag.py", line 45, in task_load_to_redshift
    run_script(f'{PROJECT_DIR}/s3/load_to_redshift.py')
  File "/opt/airflow/dags/stock_pipeline_dag.py", line 27, in run_script
    raise Exception(f"script failed:\n{result.stderr}")
Exception: script failed:
Traceback (most recent call last):
  File "/opt/***/project/s3/load_to_redshift.py", line 59, in <module>
    main()
  File "/opt/***/project/s3/load_to_redshift.py", line 23, in main
    conn   = get_connection()
             ^^^^^^^^^^^^^^^^
  File "/opt/***/project/s3/load_to_redshift.py", line 11, in get_connection
    port=int(v.get('REDSHIFT_PORT')),
         ^^^^^^^^^^^^^^^^^^^^^^^^^^^
TypeError: int() argument must be a string, a bytes-like object or a real number, not 'NoneType'

[2026-04-04T15:28:26.945+0000] {taskinstance.py:1138} INFO - Marking task as FAILED. dag_id=stock_pipeline_daily, task_id=load_to_redshift, execution_date=20260404T151027, start_date=20260404T152826, end_date=20260404T152826
[2026-04-04T15:28:26.952+0000] {standard_task_runner.py:107} ERROR - Failed to execute job 12 for task load_to_redshift (script failed:
Traceback (most recent call last):
  File "/opt/***/project/s3/load_to_redshift.py", line 59, in <module>
    main()
  File "/opt/***/project/s3/load_to_redshift.py", line 23, in main
    conn   = get_connection()
             ^^^^^^^^^^^^^^^^
  File "/opt/***/project/s3/load_to_redshift.py", line 11, in get_connection
    port=int(v.get('REDSHIFT_PORT')),
         ^^^^^^^^^^^^^^^^^^^^^^^^^^^
TypeError: int() argument must be a string, a bytes-like object or a real number, not 'NoneType'
; 1215)
[2026-04-04T15:28:26.968+0000] {local_task_job_runner.py:234} INFO - Task exited with return code 1
[2026-04-04T15:28:26.984+0000] {taskinstance.py:3281} INFO - 0 downstream tasks scheduled from follow-on schedule check
