[2026-04-04T15:46:43.853+0000] {taskinstance.py:1957} INFO - Dependencies all met for dep_context=non-requeueable deps ti=<TaskInstance: stock_pipeline_daily.fetch_and_produce manual__2026-04-04T14:16:08.032899+00:00 [queued]>
[2026-04-04T15:46:43.858+0000] {taskinstance.py:1957} INFO - Dependencies all met for dep_context=requeueable deps ti=<TaskInstance: stock_pipeline_daily.fetch_and_produce manual__2026-04-04T14:16:08.032899+00:00 [queued]>
[2026-04-04T15:46:43.859+0000] {taskinstance.py:2171} INFO - Starting attempt 2 of 4
[2026-04-04T15:46:43.866+0000] {taskinstance.py:2192} INFO - Executing <Task(PythonOperator): fetch_and_produce> on 2026-04-04 14:16:08.032899+00:00
[2026-04-04T15:46:43.871+0000] {standard_task_runner.py:60} INFO - Started process 1402 to run task
[2026-04-04T15:46:43.874+0000] {standard_task_runner.py:87} INFO - Running: ['***', 'tasks', 'run', 'stock_pipeline_daily', 'fetch_and_produce', 'manual__2026-04-04T14:16:08.032899+00:00', '--job-id', '14', '--raw', '--subdir', 'DAGS_FOLDER/stock_pipeline_dag.py', '--cfg-path', '/tmp/tmplx2oxurv']
[2026-04-04T15:46:43.881+0000] {standard_task_runner.py:88} INFO - Job 14: Subtask fetch_and_produce
[2026-04-04T15:46:43.921+0000] {task_command.py:423} INFO - Running <TaskInstance: stock_pipeline_daily.fetch_and_produce manual__2026-04-04T14:16:08.032899+00:00 [running]> on host 67a8c525ce44
[2026-04-04T15:46:43.982+0000] {taskinstance.py:2481} INFO - Exporting env vars: AIRFLOW_CTX_DAG_OWNER='pratham' AIRFLOW_CTX_DAG_ID='stock_pipeline_daily' AIRFLOW_CTX_TASK_ID='fetch_and_produce' AIRFLOW_CTX_EXECUTION_DATE='2026-04-04T14:16:08.032899+00:00' AIRFLOW_CTX_TRY_NUMBER='2' AIRFLOW_CTX_DAG_RUN_ID='manual__2026-04-04T14:16:08.032899+00:00'
[2026-04-04T15:47:14.094+0000] {local_task_job_runner.py:302} WARNING - State of this instance has been externally set to restarting. Terminating instance.
[2026-04-04T15:47:14.097+0000] {process_utils.py:131} INFO - Sending 15 to group 1402. PIDs of all processes in the group: [1406, 1402]
[2026-04-04T15:47:14.098+0000] {process_utils.py:86} INFO - Sending the signal 15 to group 1402
[2026-04-04T15:47:14.098+0000] {taskinstance.py:2451} ERROR - Received SIGTERM. Terminating subprocesses.
[2026-04-04T15:47:14.106+0000] {process_utils.py:79} INFO - Process psutil.Process(pid=1406, status='terminated', started='15:46:43') (1406) terminated with exit code None
[2026-04-04T15:47:14.120+0000] {taskinstance.py:2699} ERROR - Task failed with exception
Traceback (most recent call last):
  File "/home/airflow/.local/lib/python3.11/site-packages/airflow/models/taskinstance.py", line 433, in _execute_task
    result = execute_callable(context=context, **execute_callable_kwargs)
             ^^^^^^^^^^^^^^^^^^^^^^^^^^^^^^^^^^^^^^^^^^^^^^^^^^^^^^^^^^^^
  File "/home/airflow/.local/lib/python3.11/site-packages/airflow/operators/python.py", line 199, in execute
    return_value = self.execute_callable()
                   ^^^^^^^^^^^^^^^^^^^^^^^
  File "/home/airflow/.local/lib/python3.11/site-packages/airflow/operators/python.py", line 216, in execute_callable
    return self.python_callable(*self.op_args, **self.op_kwargs)
           ^^^^^^^^^^^^^^^^^^^^^^^^^^^^^^^^^^^^^^^^^^^^^^^^^^^^^
  File "/opt/airflow/dags/stock_pipeline_dag.py", line 31, in task_producer
    run_script(f'{PROJECT_DIR}/ingestion/producer.py')
  File "/opt/airflow/dags/stock_pipeline_dag.py", line 20, in run_script
    result = subprocess.run(
             ^^^^^^^^^^^^^^^
  File "/usr/local/lib/python3.11/subprocess.py", line 550, in run
    stdout, stderr = process.communicate(input, timeout=timeout)
                     ^^^^^^^^^^^^^^^^^^^^^^^^^^^^^^^^^^^^^^^^^^^
  File "/usr/local/lib/python3.11/subprocess.py", line 1209, in communicate
    stdout, stderr = self._communicate(input, endtime, timeout)
                     ^^^^^^^^^^^^^^^^^^^^^^^^^^^^^^^^^^^^^^^^^^
  File "/usr/local/lib/python3.11/subprocess.py", line 2108, in _communicate
    ready = selector.select(timeout)
            ^^^^^^^^^^^^^^^^^^^^^^^^
  File "/usr/local/lib/python3.11/selectors.py", line 415, in select
    fd_event_list = self._selector.poll(timeout)
                    ^^^^^^^^^^^^^^^^^^^^^^^^^^^^
  File "/home/airflow/.local/lib/python3.11/site-packages/airflow/models/taskinstance.py", line 2453, in signal_handler
    raise AirflowException("Task received SIGTERM signal")
airflow.exceptions.AirflowException: Task received SIGTERM signal
[2026-04-04T15:47:14.126+0000] {taskinstance.py:1138} INFO - Marking task as UP_FOR_RETRY. dag_id=stock_pipeline_daily, task_id=fetch_and_produce, execution_date=20260404T141608, start_date=20260404T154643, end_date=20260404T154714
[2026-04-04T15:47:14.137+0000] {standard_task_runner.py:107} ERROR - Failed to execute job 14 for task fetch_and_produce (Task received SIGTERM signal; 1402)
[2026-04-04T15:47:14.169+0000] {process_utils.py:79} INFO - Process psutil.Process(pid=1402, status='terminated', exitcode=1, started='15:46:43') (1402) terminated with exit code 1
