[2026-04-04T14:21:46.877+0000] {taskinstance.py:1957} INFO - Dependencies all met for dep_context=non-requeueable deps ti=<TaskInstance: stock_pipeline_daily.consume_to_bronze scheduled__2026-04-02T10:30:00+00:00 [queued]>
[2026-04-04T14:21:46.882+0000] {taskinstance.py:1957} INFO - Dependencies all met for dep_context=requeueable deps ti=<TaskInstance: stock_pipeline_daily.consume_to_bronze scheduled__2026-04-02T10:30:00+00:00 [queued]>
[2026-04-04T14:21:46.883+0000] {taskinstance.py:2171} INFO - Starting attempt 1 of 3
[2026-04-04T14:21:46.890+0000] {taskinstance.py:2192} INFO - Executing <Task(PythonOperator): consume_to_bronze> on 2026-04-02 10:30:00+00:00
[2026-04-04T14:21:46.893+0000] {standard_task_runner.py:60} INFO - Started process 641 to run task
[2026-04-04T14:21:46.895+0000] {standard_task_runner.py:87} INFO - Running: ['***', 'tasks', 'run', 'stock_pipeline_daily', 'consume_to_bronze', 'scheduled__2026-04-02T10:30:00+00:00', '--job-id', '4', '--raw', '--subdir', 'DAGS_FOLDER/stock_pipeline_dag.py', '--cfg-path', '/tmp/tmpo3at4_fr']
[2026-04-04T14:21:46.898+0000] {standard_task_runner.py:88} INFO - Job 4: Subtask consume_to_bronze
[2026-04-04T14:21:46.942+0000] {task_command.py:423} INFO - Running <TaskInstance: stock_pipeline_daily.consume_to_bronze scheduled__2026-04-02T10:30:00+00:00 [running]> on host 67a8c525ce44
[2026-04-04T14:21:46.994+0000] {taskinstance.py:2481} INFO - Exporting env vars: AIRFLOW_CTX_DAG_OWNER='pratham' AIRFLOW_CTX_DAG_ID='stock_pipeline_daily' AIRFLOW_CTX_TASK_ID='consume_to_bronze' AIRFLOW_CTX_EXECUTION_DATE='2026-04-02T10:30:00+00:00' AIRFLOW_CTX_TRY_NUMBER='1' AIRFLOW_CTX_DAG_RUN_ID='scheduled__2026-04-02T10:30:00+00:00'
[2026-04-04T15:26:00.874+0000] {local_task_job_runner.py:302} WARNING - State of this instance has been externally set to failed. Terminating instance.
[2026-04-04T15:26:00.879+0000] {process_utils.py:131} INFO - Sending 15 to group 641. PIDs of all processes in the group: [642, 641]
[2026-04-04T15:26:00.879+0000] {process_utils.py:86} INFO - Sending the signal 15 to group 641
[2026-04-04T15:26:00.880+0000] {taskinstance.py:2451} ERROR - Received SIGTERM. Terminating subprocesses.
[2026-04-04T15:26:00.939+0000] {process_utils.py:79} INFO - Process psutil.Process(pid=641, status='terminated', exitcode=0, started='14:21:46') (641) terminated with exit code 0
[2026-04-04T15:26:00.940+0000] {process_utils.py:79} INFO - Process psutil.Process(pid=642, status='terminated', started='14:21:46') (642) terminated with exit code None
[2026-04-04T15:55:19.180+0000] {taskinstance.py:1957} INFO - Dependencies all met for dep_context=non-requeueable deps ti=<TaskInstance: stock_pipeline_daily.consume_to_bronze scheduled__2026-04-02T10:30:00+00:00 [queued]>
[2026-04-04T15:55:19.183+0000] {taskinstance.py:1957} INFO - Dependencies all met for dep_context=requeueable deps ti=<TaskInstance: stock_pipeline_daily.consume_to_bronze scheduled__2026-04-02T10:30:00+00:00 [queued]>
[2026-04-04T15:55:19.183+0000] {taskinstance.py:2171} INFO - Starting attempt 1 of 3
[2026-04-04T15:55:19.187+0000] {taskinstance.py:2192} INFO - Executing <Task(PythonOperator): consume_to_bronze> on 2026-04-02 10:30:00+00:00
[2026-04-04T15:55:19.188+0000] {standard_task_runner.py:60} INFO - Started process 2745 to run task
[2026-04-04T15:55:19.190+0000] {standard_task_runner.py:87} INFO - Running: ['***', 'tasks', 'run', 'stock_pipeline_daily', 'consume_to_bronze', 'scheduled__2026-04-02T10:30:00+00:00', '--job-id', '27', '--raw', '--subdir', 'DAGS_FOLDER/stock_pipeline_dag.py', '--cfg-path', '/tmp/tmpsgc2_toq']
[2026-04-04T15:55:19.191+0000] {standard_task_runner.py:88} INFO - Job 27: Subtask consume_to_bronze
[2026-04-04T15:55:19.209+0000] {task_command.py:423} INFO - Running <TaskInstance: stock_pipeline_daily.consume_to_bronze scheduled__2026-04-02T10:30:00+00:00 [running]> on host 67a8c525ce44
[2026-04-04T15:55:19.233+0000] {taskinstance.py:2481} INFO - Exporting env vars: AIRFLOW_CTX_DAG_OWNER='pratham' AIRFLOW_CTX_DAG_ID='stock_pipeline_daily' AIRFLOW_CTX_TASK_ID='consume_to_bronze' AIRFLOW_CTX_EXECUTION_DATE='2026-04-02T10:30:00+00:00' AIRFLOW_CTX_TRY_NUMBER='1' AIRFLOW_CTX_DAG_RUN_ID='scheduled__2026-04-02T10:30:00+00:00'
[2026-04-04T15:57:19.644+0000] {python.py:201} INFO - Done. Returned value was: None
[2026-04-04T15:57:19.657+0000] {taskinstance.py:1138} INFO - Marking task as SUCCESS. dag_id=stock_pipeline_daily, task_id=consume_to_bronze, execution_date=20260402T103000, start_date=20260404T155519, end_date=20260404T155719
[2026-04-04T15:57:19.698+0000] {local_task_job_runner.py:234} INFO - Task exited with return code 0
[2026-04-04T15:57:19.711+0000] {taskinstance.py:3281} INFO - 1 downstream tasks scheduled from follow-on schedule check
