[2026-04-04T16:02:36.863+0000] {taskinstance.py:1957} INFO - Dependencies all met for dep_context=non-requeueable deps ti=<TaskInstance: stock_pipeline_daily.dbt_run scheduled__2026-04-02T10:30:00+00:00 [queued]>
[2026-04-04T16:02:36.866+0000] {taskinstance.py:1957} INFO - Dependencies all met for dep_context=requeueable deps ti=<TaskInstance: stock_pipeline_daily.dbt_run scheduled__2026-04-02T10:30:00+00:00 [queued]>
[2026-04-04T16:02:36.866+0000] {taskinstance.py:2171} INFO - Starting attempt 2 of 4
[2026-04-04T16:02:36.871+0000] {taskinstance.py:2192} INFO - Executing <Task(BashOperator): dbt_run> on 2026-04-02 10:30:00+00:00
[2026-04-04T16:02:36.875+0000] {standard_task_runner.py:60} INFO - Started process 2878 to run task
[2026-04-04T16:02:36.878+0000] {standard_task_runner.py:87} INFO - Running: ['***', 'tasks', 'run', 'stock_pipeline_daily', 'dbt_run', 'scheduled__2026-04-02T10:30:00+00:00', '--job-id', '32', '--raw', '--subdir', 'DAGS_FOLDER/stock_pipeline_dag.py', '--cfg-path', '/tmp/tmpt03i1vfn']
[2026-04-04T16:02:36.882+0000] {standard_task_runner.py:88} INFO - Job 32: Subtask dbt_run
[2026-04-04T16:02:36.912+0000] {task_command.py:423} INFO - Running <TaskInstance: stock_pipeline_daily.dbt_run scheduled__2026-04-02T10:30:00+00:00 [running]> on host 67a8c525ce44
[2026-04-04T16:02:36.945+0000] {taskinstance.py:2481} INFO - Exporting env vars: AIRFLOW_CTX_DAG_OWNER='pratham' AIRFLOW_CTX_DAG_ID='stock_pipeline_daily' AIRFLOW_CTX_TASK_ID='dbt_run' AIRFLOW_CTX_EXECUTION_DATE='2026-04-02T10:30:00+00:00' AIRFLOW_CTX_TRY_NUMBER='2' AIRFLOW_CTX_DAG_RUN_ID='scheduled__2026-04-02T10:30:00+00:00'
[2026-04-04T16:02:36.945+0000] {subprocess.py:63} INFO - Tmp dir root location: /tmp
[2026-04-04T16:02:36.946+0000] {subprocess.py:75} INFO - Running command: ['/usr/bin/bash', '-c', 'cd /opt/***/project/stock_pipeline && dbt run --profiles-dir /opt/***/project/stock_pipeline']
[2026-04-04T16:02:36.949+0000] {subprocess.py:86} INFO - Output:
[2026-04-04T16:02:37.572+0000] {subprocess.py:93} INFO - [0m16:02:37  Running with dbt=1.11.7
[2026-04-04T16:02:37.771+0000] {subprocess.py:93} INFO - [0m16:02:37  Registered adapter: redshift=1.10.1
[2026-04-04T16:02:37.913+0000] {subprocess.py:93} INFO - [0m16:02:37  Found 5 models, 9 data tests, 1 source, 539 macros
[2026-04-04T16:02:37.914+0000] {subprocess.py:93} INFO - [0m16:02:37
[2026-04-04T16:02:37.914+0000] {subprocess.py:93} INFO - [0m16:02:37  Concurrency: 4 threads (target='dev')
[2026-04-04T16:02:37.914+0000] {subprocess.py:93} INFO - [0m16:02:37
[2026-04-04T16:02:38.833+0000] {subprocess.py:93} INFO - [0m16:02:38  1 of 5 START sql view model public.stg_stock_ticks ............................. [RUN]
[2026-04-04T16:02:40.044+0000] {subprocess.py:93} INFO - [0m16:02:40  1 of 5 OK created sql view model public.stg_stock_ticks ........................ [[32mSUCCESS[0m in 1.21s]
[2026-04-04T16:02:40.049+0000] {subprocess.py:93} INFO - [0m16:02:40  2 of 5 START sql table model public.mart_daily_ohlcv ........................... [RUN]
[2026-04-04T16:02:40.050+0000] {subprocess.py:93} INFO - [0m16:02:40  3 of 5 START sql table model public.mart_moving_averages ....................... [RUN]
[2026-04-04T16:02:40.050+0000] {subprocess.py:93} INFO - [0m16:02:40  4 of 5 START sql table model public.mart_rsi ................................... [RUN]
[2026-04-04T16:02:40.051+0000] {subprocess.py:93} INFO - [0m16:02:40  5 of 5 START sql table model public.mart_volume_anomaly ........................ [RUN]
[2026-04-04T16:02:42.469+0000] {subprocess.py:93} INFO - [0m16:02:42  2 of 5 OK created sql table model public.mart_daily_ohlcv ...................... [[32mSUCCESS[0m in 2.41s]
[2026-04-04T16:02:42.477+0000] {subprocess.py:93} INFO - [0m16:02:42  5 of 5 OK created sql table model public.mart_volume_anomaly ................... [[32mSUCCESS[0m in 2.42s]
[2026-04-04T16:02:42.477+0000] {subprocess.py:93} INFO - [0m16:02:42  4 of 5 OK created sql table model public.mart_rsi .............................. [[32mSUCCESS[0m in 2.42s]
[2026-04-04T16:02:42.479+0000] {subprocess.py:93} INFO - [0m16:02:42  3 of 5 OK created sql table model public.mart_moving_averages .................. [[32mSUCCESS[0m in 2.43s]
[2026-04-04T16:02:42.680+0000] {subprocess.py:93} INFO - [0m16:02:42
[2026-04-04T16:02:42.681+0000] {subprocess.py:93} INFO - [0m16:02:42  Finished running 4 table models, 1 view model in 0 hours 0 minutes and 4.77 seconds (4.77s).
[2026-04-04T16:02:42.722+0000] {subprocess.py:93} INFO - [0m16:02:42
[2026-04-04T16:02:42.723+0000] {subprocess.py:93} INFO - [0m16:02:42  [32mCompleted successfully[0m
[2026-04-04T16:02:42.723+0000] {subprocess.py:93} INFO - [0m16:02:42
[2026-04-04T16:02:42.723+0000] {subprocess.py:93} INFO - [0m16:02:42  Done. PASS=5 WARN=0 ERROR=0 SKIP=0 NO-OP=0 TOTAL=5
[2026-04-04T16:02:44.057+0000] {subprocess.py:97} INFO - Command exited with return code 0
[2026-04-04T16:02:44.069+0000] {taskinstance.py:1138} INFO - Marking task as SUCCESS. dag_id=stock_pipeline_daily, task_id=dbt_run, execution_date=20260402T103000, start_date=20260404T160236, end_date=20260404T160244
[2026-04-04T16:02:44.095+0000] {local_task_job_runner.py:234} INFO - Task exited with return code 0
[2026-04-04T16:02:44.105+0000] {taskinstance.py:3281} INFO - 1 downstream tasks scheduled from follow-on schedule check
