[2026-04-04T15:48:36.540+0000] {taskinstance.py:1957} INFO - Dependencies all met for dep_context=non-requeueable deps ti=<TaskInstance: stock_pipeline_daily.fetch_and_produce scheduled__2026-04-02T10:30:00+00:00 [queued]>
[2026-04-04T15:48:36.544+0000] {taskinstance.py:1957} INFO - Dependencies all met for dep_context=requeueable deps ti=<TaskInstance: stock_pipeline_daily.fetch_and_produce scheduled__2026-04-02T10:30:00+00:00 [queued]>
[2026-04-04T15:48:36.544+0000] {taskinstance.py:2171} INFO - Starting attempt 4 of 6
[2026-04-04T15:48:36.551+0000] {taskinstance.py:2192} INFO - Executing <Task(PythonOperator): fetch_and_produce> on 2026-04-02 10:30:00+00:00
[2026-04-04T15:48:36.555+0000] {standard_task_runner.py:60} INFO - Started process 2033 to run task
[2026-04-04T15:48:36.557+0000] {standard_task_runner.py:87} INFO - Running: ['***', 'tasks', 'run', 'stock_pipeline_daily', 'fetch_and_produce', 'scheduled__2026-04-02T10:30:00+00:00', '--job-id', '21', '--raw', '--subdir', 'DAGS_FOLDER/stock_pipeline_dag.py', '--cfg-path', '/tmp/tmpu8kxvvfl']
[2026-04-04T15:48:36.566+0000] {standard_task_runner.py:88} INFO - Job 21: Subtask fetch_and_produce
[2026-04-04T15:48:36.602+0000] {task_command.py:423} INFO - Running <TaskInstance: stock_pipeline_daily.fetch_and_produce scheduled__2026-04-02T10:30:00+00:00 [running]> on host 67a8c525ce44
[2026-04-04T15:48:36.650+0000] {taskinstance.py:2481} INFO - Exporting env vars: AIRFLOW_CTX_DAG_OWNER='pratham' AIRFLOW_CTX_DAG_ID='stock_pipeline_daily' AIRFLOW_CTX_TASK_ID='fetch_and_produce' AIRFLOW_CTX_EXECUTION_DATE='2026-04-02T10:30:00+00:00' AIRFLOW_CTX_TRY_NUMBER='4' AIRFLOW_CTX_DAG_RUN_ID='scheduled__2026-04-02T10:30:00+00:00'
[2026-04-04T15:48:46.679+0000] {local_task_job_runner.py:302} WARNING - State of this instance has been externally set to up_for_retry. Terminating instance.
[2026-04-04T15:48:46.682+0000] {process_utils.py:131} INFO - Sending 15 to group 2033. PIDs of all processes in the group: [2036, 2033]
[2026-04-04T15:48:46.682+0000] {process_utils.py:86} INFO - Sending the signal 15 to group 2033
[2026-04-04T15:48:46.683+0000] {taskinstance.py:2451} ERROR - Received SIGTERM. Terminating subprocesses.
[2026-04-04T15:48:46.694+0000] {process_utils.py:79} INFO - Process psutil.Process(pid=2036, status='terminated', started='15:48:35') (2036) terminated with exit code None
[2026-04-04T15:48:46.701+0000] {taskinstance.py:2699} ERROR - Task failed with exception
Traceback (most recent call last):
  File "/home/airflow/.local/lib/python3.11/site-packages/airflow/models/taskinstance.py", line 433, in _execute_task
    result = execute_callable(context=context, **execute_callable_kwargs)
             ^^^^^^^^^^^^^^^^^^^^^^^^^^^^^^^^^^^^^^^^^^^^^^^^^^^^^^^^^^^^
  File "/home/airflow/.local/lib/python3.11/site-packages/airflow/operators/python.py", line 199, in execute
    return_value = self.execute_callable()
                   ^^^^^^^^^^^^^^^^^^^^^^^
  File "/home/airflow/.local/lib/python3.11/site-packages/airflow/operators/python.py", line 216, in execute_callable
    return self.python_callable(*self.op_args, **self.op_kwargs)
           ^^^^^^^^^^^^^^^^^^^^^^^^^^^^^^^^^^^^^^^^^^^^^^^^^^^^^
  File "/opt/airflow/dags/stock_pipeline_dag.py", line 31, in task_producer
    run_script(f'{PROJECT_DIR}/ingestion/producer.py')
  File "/opt/airflow/dags/stock_pipeline_dag.py", line 20, in run_script
    result = subprocess.run(
             ^^^^^^^^^^^^^^^
  File "/usr/local/lib/python3.11/subprocess.py", line 550, in run
    stdout, stderr = process.communicate(input, timeout=timeout)
                     ^^^^^^^^^^^^^^^^^^^^^^^^^^^^^^^^^^^^^^^^^^^
  File "/usr/local/lib/python3.11/subprocess.py", line 1209, in communicate
    stdout, stderr = self._communicate(input, endtime, timeout)
                     ^^^^^^^^^^^^^^^^^^^^^^^^^^^^^^^^^^^^^^^^^^
  File "/usr/local/lib/python3.11/subprocess.py", line 2108, in _communicate
    ready = selector.select(timeout)
            ^^^^^^^^^^^^^^^^^^^^^^^^
  File "/usr/local/lib/python3.11/selectors.py", line 415, in select
    fd_event_list = self._selector.poll(timeout)
                    ^^^^^^^^^^^^^^^^^^^^^^^^^^^^
  File "/home/airflow/.local/lib/python3.11/site-packages/airflow/models/taskinstance.py", line 2453, in signal_handler
    raise AirflowException("Task received SIGTERM signal")
airflow.exceptions.AirflowException: Task received SIGTERM signal
[2026-04-04T15:48:46.706+0000] {taskinstance.py:1138} INFO - Marking task as UP_FOR_RETRY. dag_id=stock_pipeline_daily, task_id=fetch_and_produce, execution_date=20260402T103000, start_date=20260404T154836, end_date=20260404T154846
[2026-04-04T15:48:46.715+0000] {standard_task_runner.py:107} ERROR - Failed to execute job 21 for task fetch_and_produce (Task received SIGTERM signal; 2033)
[2026-04-04T15:48:46.729+0000] {process_utils.py:79} INFO - Process psutil.Process(pid=2033, status='terminated', exitcode=1, started='15:48:35') (2033) terminated with exit code 1
