[2026-04-04T07:42:25.599+0000] {taskinstance.py:1957} INFO - Dependencies all met for dep_context=non-requeueable deps ti=<TaskInstance: stock_pipeline_daily.fetch_and_produce scheduled__2026-04-02T10:30:00+00:00 [queued]>
[2026-04-04T07:42:25.609+0000] {taskinstance.py:1957} INFO - Dependencies all met for dep_context=requeueable deps ti=<TaskInstance: stock_pipeline_daily.fetch_and_produce scheduled__2026-04-02T10:30:00+00:00 [queued]>
[2026-04-04T07:42:25.610+0000] {taskinstance.py:2171} INFO - Starting attempt 1 of 3
[2026-04-04T07:42:25.619+0000] {taskinstance.py:2192} INFO - Executing <Task(PythonOperator): fetch_and_produce> on 2026-04-02 10:30:00+00:00
[2026-04-04T07:42:25.622+0000] {standard_task_runner.py:60} INFO - Started process 242 to run task
[2026-04-04T07:42:25.624+0000] {standard_task_runner.py:87} INFO - Running: ['***', 'tasks', 'run', 'stock_pipeline_daily', 'fetch_and_produce', 'scheduled__2026-04-02T10:30:00+00:00', '--job-id', '3', '--raw', '--subdir', 'DAGS_FOLDER/stock_pipeline_dag.py', '--cfg-path', '/tmp/tmp1ynacvz_']
[2026-04-04T07:42:25.626+0000] {standard_task_runner.py:88} INFO - Job 3: Subtask fetch_and_produce
[2026-04-04T07:42:25.665+0000] {task_command.py:423} INFO - Running <TaskInstance: stock_pipeline_daily.fetch_and_produce scheduled__2026-04-02T10:30:00+00:00 [running]> on host caa7af26cad9
[2026-04-04T07:42:25.727+0000] {taskinstance.py:2481} INFO - Exporting env vars: AIRFLOW_CTX_DAG_OWNER='pratham' AIRFLOW_CTX_DAG_ID='stock_pipeline_daily' AIRFLOW_CTX_TASK_ID='fetch_and_produce' AIRFLOW_CTX_EXECUTION_DATE='2026-04-02T10:30:00+00:00' AIRFLOW_CTX_TRY_NUMBER='1' AIRFLOW_CTX_DAG_RUN_ID='scheduled__2026-04-02T10:30:00+00:00'
[2026-04-04T07:42:25.733+0000] {taskinstance.py:2699} ERROR - Task failed with exception
Traceback (most recent call last):
  File "/home/airflow/.local/lib/python3.8/site-packages/airflow/models/taskinstance.py", line 433, in _execute_task
    result = execute_callable(context=context, **execute_callable_kwargs)
  File "/home/airflow/.local/lib/python3.8/site-packages/airflow/operators/python.py", line 199, in execute
    return_value = self.execute_callable()
  File "/home/airflow/.local/lib/python3.8/site-packages/airflow/operators/python.py", line 216, in execute_callable
    return self.python_callable(*self.op_args, **self.op_kwargs)
  File "/opt/airflow/dags/stock_pipeline_dag.py", line 31, in task_producer
    run_script(f'{PROJECT_DIR}/ingestion/producer.py')
  File "/opt/airflow/dags/stock_pipeline_dag.py", line 20, in run_script
    result = subprocess.run(
  File "/usr/local/lib/python3.8/subprocess.py", line 493, in run
    with Popen(*popenargs, **kwargs) as process:
  File "/usr/local/lib/python3.8/subprocess.py", line 858, in __init__
    self._execute_child(args, executable, preexec_fn, close_fds,
  File "/usr/local/lib/python3.8/subprocess.py", line 1720, in _execute_child
    raise child_exception_type(errno_num, err_msg, err_filename)
FileNotFoundError: [Errno 2] No such file or directory: '/opt/airflow/project/venv/bin/python'
[2026-04-04T07:42:25.742+0000] {taskinstance.py:1138} INFO - Marking task as UP_FOR_RETRY. dag_id=stock_pipeline_daily, task_id=fetch_and_produce, execution_date=20260402T103000, start_date=20260404T074225, end_date=20260404T074225
[2026-04-04T07:42:25.751+0000] {standard_task_runner.py:107} ERROR - Failed to execute job 3 for task fetch_and_produce ([Errno 2] No such file or directory: '/opt/airflow/project/venv/bin/python'; 242)
[2026-04-04T07:42:25.763+0000] {local_task_job_runner.py:234} INFO - Task exited with return code 1
[2026-04-04T07:42:25.783+0000] {taskinstance.py:3281} INFO - 0 downstream tasks scheduled from follow-on schedule check
[2026-04-04T14:16:08.720+0000] {taskinstance.py:1957} INFO - Dependencies all met for dep_context=non-requeueable deps ti=<TaskInstance: stock_pipeline_daily.fetch_and_produce scheduled__2026-04-02T10:30:00+00:00 [queued]>
[2026-04-04T14:16:08.728+0000] {taskinstance.py:1957} INFO - Dependencies all met for dep_context=requeueable deps ti=<TaskInstance: stock_pipeline_daily.fetch_and_produce scheduled__2026-04-02T10:30:00+00:00 [queued]>
[2026-04-04T14:16:08.729+0000] {taskinstance.py:2171} INFO - Starting attempt 1 of 3
[2026-04-04T14:16:08.738+0000] {taskinstance.py:2192} INFO - Executing <Task(PythonOperator): fetch_and_produce> on 2026-04-02 10:30:00+00:00
[2026-04-04T14:16:08.743+0000] {standard_task_runner.py:60} INFO - Started process 335 to run task
[2026-04-04T14:16:08.746+0000] {standard_task_runner.py:87} INFO - Running: ['***', 'tasks', 'run', 'stock_pipeline_daily', 'fetch_and_produce', 'scheduled__2026-04-02T10:30:00+00:00', '--job-id', '2', '--raw', '--subdir', 'DAGS_FOLDER/stock_pipeline_dag.py', '--cfg-path', '/tmp/tmpzes5ybwm']
[2026-04-04T14:16:08.766+0000] {standard_task_runner.py:88} INFO - Job 2: Subtask fetch_and_produce
[2026-04-04T14:16:08.835+0000] {task_command.py:423} INFO - Running <TaskInstance: stock_pipeline_daily.fetch_and_produce scheduled__2026-04-02T10:30:00+00:00 [running]> on host 67a8c525ce44
[2026-04-04T14:16:08.914+0000] {taskinstance.py:2481} INFO - Exporting env vars: AIRFLOW_CTX_DAG_OWNER='pratham' AIRFLOW_CTX_DAG_ID='stock_pipeline_daily' AIRFLOW_CTX_TASK_ID='fetch_and_produce' AIRFLOW_CTX_EXECUTION_DATE='2026-04-02T10:30:00+00:00' AIRFLOW_CTX_TRY_NUMBER='1' AIRFLOW_CTX_DAG_RUN_ID='scheduled__2026-04-02T10:30:00+00:00'
[2026-04-04T14:21:45.819+0000] {python.py:201} INFO - Done. Returned value was: None
[2026-04-04T14:21:45.838+0000] {taskinstance.py:1138} INFO - Marking task as SUCCESS. dag_id=stock_pipeline_daily, task_id=fetch_and_produce, execution_date=20260402T103000, start_date=20260404T141608, end_date=20260404T142145
[2026-04-04T14:21:45.874+0000] {local_task_job_runner.py:234} INFO - Task exited with return code 0
[2026-04-04T14:21:45.897+0000] {taskinstance.py:3281} INFO - 1 downstream tasks scheduled from follow-on schedule check
[2026-04-04T15:49:45.877+0000] {taskinstance.py:1957} INFO - Dependencies all met for dep_context=non-requeueable deps ti=<TaskInstance: stock_pipeline_daily.fetch_and_produce scheduled__2026-04-02T10:30:00+00:00 [queued]>
[2026-04-04T15:49:45.883+0000] {taskinstance.py:1957} INFO - Dependencies all met for dep_context=requeueable deps ti=<TaskInstance: stock_pipeline_daily.fetch_and_produce scheduled__2026-04-02T10:30:00+00:00 [queued]>
[2026-04-04T15:49:45.883+0000] {taskinstance.py:2171} INFO - Starting attempt 1 of 3
[2026-04-04T15:49:45.891+0000] {taskinstance.py:2192} INFO - Executing <Task(PythonOperator): fetch_and_produce> on 2026-04-02 10:30:00+00:00
[2026-04-04T15:49:45.894+0000] {standard_task_runner.py:60} INFO - Started process 2475 to run task
[2026-04-04T15:49:45.896+0000] {standard_task_runner.py:87} INFO - Running: ['***', 'tasks', 'run', 'stock_pipeline_daily', 'fetch_and_produce', 'scheduled__2026-04-02T10:30:00+00:00', '--job-id', '26', '--raw', '--subdir', 'DAGS_FOLDER/stock_pipeline_dag.py', '--cfg-path', '/tmp/tmpws777vhy']
[2026-04-04T15:49:45.903+0000] {standard_task_runner.py:88} INFO - Job 26: Subtask fetch_and_produce
[2026-04-04T15:49:45.943+0000] {task_command.py:423} INFO - Running <TaskInstance: stock_pipeline_daily.fetch_and_produce scheduled__2026-04-02T10:30:00+00:00 [running]> on host 67a8c525ce44
[2026-04-04T15:49:45.991+0000] {taskinstance.py:2481} INFO - Exporting env vars: AIRFLOW_CTX_DAG_OWNER='pratham' AIRFLOW_CTX_DAG_ID='stock_pipeline_daily' AIRFLOW_CTX_TASK_ID='fetch_and_produce' AIRFLOW_CTX_EXECUTION_DATE='2026-04-02T10:30:00+00:00' AIRFLOW_CTX_TRY_NUMBER='1' AIRFLOW_CTX_DAG_RUN_ID='scheduled__2026-04-02T10:30:00+00:00'
[2026-04-04T15:55:18.913+0000] {python.py:201} INFO - Done. Returned value was: None
[2026-04-04T15:55:18.922+0000] {taskinstance.py:1138} INFO - Marking task as SUCCESS. dag_id=stock_pipeline_daily, task_id=fetch_and_produce, execution_date=20260402T103000, start_date=20260404T154945, end_date=20260404T155518
[2026-04-04T15:55:18.941+0000] {local_task_job_runner.py:234} INFO - Task exited with return code 0
[2026-04-04T15:55:18.952+0000] {taskinstance.py:3281} INFO - 1 downstream tasks scheduled from follow-on schedule check
