[0m11:52:05.372341 [debug] [MainThread]: Sending event: {'category': 'dbt', 'action': 'invocation', 'label': 'start', 'context': [<snowplow_tracker.self_describing_json.SelfDescribingJson object at 0x1126e2610>, <snowplow_tracker.self_describing_json.SelfDescribingJson object at 0x1126c2a50>, <snowplow_tracker.self_describing_json.SelfDescribingJson object at 0x112715f90>]}


============================== 11:52:05.376439 | bcea651a-5f78-4d14-8781-889bd58faaac ==============================
[0m11:52:05.376439 [info ] [MainThread]: Running with dbt=1.7.14
[0m11:52:05.376976 [debug] [MainThread]: running dbt with arguments {'printer_width': '80', 'indirect_selection': 'eager', 'log_cache_events': 'False', 'write_json': 'True', 'partial_parse': 'True', 'cache_selected_only': 'False', 'warn_error': 'None', 'debug': 'False', 'version_check': 'True', 'log_path': 'logs', 'profiles_dir': '/Users/pratham/.dbt', 'fail_fast': 'False', 'use_colors': 'True', 'use_experimental_parser': 'False', 'no_print': 'None', 'quiet': 'False', 'warn_error_options': 'WarnErrorOptions(include=[], exclude=[])', 'introspect': 'True', 'static_parser': 'True', 'invocation_command': 'dbt init stock_pipeline', 'target_path': 'None', 'log_format': 'default', 'send_anonymous_usage_stats': 'True'}
[0m11:52:05.378471 [debug] [MainThread]: Starter project path: /Library/Frameworks/Python.framework/Versions/3.11/lib/python3.11/site-packages/dbt/include/starter_project
[0m11:52:05.383735 [info ] [MainThread]: 
Your new dbt project "stock_pipeline" was created!

For more information on how to configure the profiles.yml file,
please consult the dbt documentation here:

  https://docs.getdbt.com/docs/configure-your-profile

One more thing:

Need help? Don't hesitate to reach out to us via GitHub issues or on Slack:

  https://community.getdbt.com/

Happy modeling!

[0m11:52:05.384084 [info ] [MainThread]: Setting up your profile.
[0m11:56:34.334722 [error] [MainThread]: Encountered an error:

[0m11:56:34.341720 [error] [MainThread]: Traceback (most recent call last):
  File "/Library/Frameworks/Python.framework/Versions/3.11/lib/python3.11/site-packages/dbt/cli/requires.py", line 91, in wrapper
    result, success = func(*args, **kwargs)
                      ^^^^^^^^^^^^^^^^^^^^^
  File "/Library/Frameworks/Python.framework/Versions/3.11/lib/python3.11/site-packages/dbt/cli/requires.py", line 76, in wrapper
    return func(*args, **kwargs)
           ^^^^^^^^^^^^^^^^^^^^^
  File "/Library/Frameworks/Python.framework/Versions/3.11/lib/python3.11/site-packages/dbt/cli/main.py", line 515, in init
    results = task.run()
              ^^^^^^^^^^
  File "/Library/Frameworks/Python.framework/Versions/3.11/lib/python3.11/site-packages/dbt/task/init.py", line 344, in run
    self.setup_profile(profile_name)
  File "/Library/Frameworks/Python.framework/Versions/3.11/lib/python3.11/site-packages/dbt/task/init.py", line 263, in setup_profile
    adapter = self.ask_for_adapter_choice()
              ^^^^^^^^^^^^^^^^^^^^^^^^^^^^^
  File "/Library/Frameworks/Python.framework/Versions/3.11/lib/python3.11/site-packages/dbt/task/init.py", line 244, in ask_for_adapter_choice
    numeric_choice = click.prompt(prompt_msg, type=click.INT)
                     ^^^^^^^^^^^^^^^^^^^^^^^^^^^^^^^^^^^^^^^^
  File "/Library/Frameworks/Python.framework/Versions/3.11/lib/python3.11/site-packages/click/termui.py", line 171, in prompt
    value = prompt_func(prompt)
            ^^^^^^^^^^^^^^^^^^^
  File "/Library/Frameworks/Python.framework/Versions/3.11/lib/python3.11/site-packages/click/termui.py", line 154, in prompt_func
    raise Abort() from None
click.exceptions.Abort

[0m11:56:34.377594 [debug] [MainThread]: Resource report: {"command_name": "init", "command_wall_clock_time": 269.05182, "process_user_time": 1.235752, "process_kernel_time": 0.218529, "process_mem_max_rss": "111689728", "command_success": false, "process_in_blocks": "0", "process_out_blocks": "0"}
[0m11:56:34.378607 [debug] [MainThread]: Command `dbt init` failed at 11:56:34.378396 after 269.05 seconds
[0m11:56:34.379232 [debug] [MainThread]: Sending event: {'category': 'dbt', 'action': 'invocation', 'label': 'end', 'context': [<snowplow_tracker.self_describing_json.SelfDescribingJson object at 0x1126c9e50>, <snowplow_tracker.self_describing_json.SelfDescribingJson object at 0x112716410>, <snowplow_tracker.self_describing_json.SelfDescribingJson object at 0x104cee710>]}
[0m11:56:34.379812 [debug] [MainThread]: Flushing usage events
[0m11:59:16.304450 [debug] [MainThread]: Sending event: {'category': 'dbt', 'action': 'invocation', 'label': 'start', 'context': [<snowplow_tracker.self_describing_json.SelfDescribingJson object at 0x105a15b90>, <snowplow_tracker.self_describing_json.SelfDescribingJson object at 0x105823f10>, <snowplow_tracker.self_describing_json.SelfDescribingJson object at 0x105a37c90>]}


============================== 11:59:16.308602 | 9bbd06b2-6b6f-4069-a39e-6ac1087dad4f ==============================
[0m11:59:16.308602 [info ] [MainThread]: Running with dbt=1.7.14
[0m11:59:16.309151 [debug] [MainThread]: running dbt with arguments {'printer_width': '80', 'indirect_selection': 'eager', 'write_json': 'True', 'log_cache_events': 'False', 'partial_parse': 'True', 'cache_selected_only': 'False', 'profiles_dir': '/Users/pratham/.dbt', 'version_check': 'True', 'fail_fast': 'False', 'log_path': 'logs', 'debug': 'False', 'warn_error': 'None', 'use_colors': 'True', 'use_experimental_parser': 'False', 'no_print': 'None', 'quiet': 'False', 'warn_error_options': 'WarnErrorOptions(include=[], exclude=[])', 'invocation_command': 'dbt init stock-pipeline', 'introspect': 'True', 'static_parser': 'True', 'target_path': 'None', 'log_format': 'default', 'send_anonymous_usage_stats': 'True'}
[0m11:59:56.624199 [info ] [MainThread]: A project called stock_pipeline already exists here.
[0m11:59:56.629103 [debug] [MainThread]: Resource report: {"command_name": "init", "command_success": true, "command_wall_clock_time": 40.36799, "process_user_time": 1.219135, "process_kernel_time": 0.18111, "process_mem_max_rss": "111968256", "process_in_blocks": "0", "process_out_blocks": "0"}
[0m11:59:56.629667 [debug] [MainThread]: Command `dbt init` succeeded at 11:59:56.629532 after 40.37 seconds
[0m11:59:56.630234 [debug] [MainThread]: Sending event: {'category': 'dbt', 'action': 'invocation', 'label': 'end', 'context': [<snowplow_tracker.self_describing_json.SelfDescribingJson object at 0x105805990>, <snowplow_tracker.self_describing_json.SelfDescribingJson object at 0x105a16390>, <snowplow_tracker.self_describing_json.SelfDescribingJson object at 0x10520e290>]}
[0m11:59:56.630676 [debug] [MainThread]: Flushing usage events
[0m12:06:08.971384 [debug] [MainThread]: Sending event: {'category': 'dbt', 'action': 'invocation', 'label': 'start', 'context': [<snowplow_tracker.self_describing_json.SelfDescribingJson object at 0x1073b8410>, <snowplow_tracker.self_describing_json.SelfDescribingJson object at 0x107b23090>, <snowplow_tracker.self_describing_json.SelfDescribingJson object at 0x107b23a50>]}


============================== 12:06:08.975535 | e57b51cf-54bd-4cf1-b6fa-4f67e8526d66 ==============================
[0m12:06:08.975535 [info ] [MainThread]: Running with dbt=1.7.14
[0m12:06:08.976048 [debug] [MainThread]: running dbt with arguments {'printer_width': '80', 'indirect_selection': 'eager', 'write_json': 'True', 'log_cache_events': 'False', 'partial_parse': 'True', 'cache_selected_only': 'False', 'profiles_dir': '/Users/pratham/.dbt', 'fail_fast': 'False', 'debug': 'False', 'log_path': 'logs', 'version_check': 'True', 'warn_error': 'None', 'use_colors': 'True', 'use_experimental_parser': 'False', 'no_print': 'None', 'quiet': 'False', 'log_format': 'default', 'static_parser': 'True', 'introspect': 'True', 'warn_error_options': 'WarnErrorOptions(include=[], exclude=[])', 'target_path': 'None', 'invocation_command': 'dbt init stock_pipeline --skip-profile-setup', 'send_anonymous_usage_stats': 'True'}
[0m12:06:08.976975 [info ] [MainThread]: A project called stock_pipeline already exists here.
[0m12:06:08.980071 [debug] [MainThread]: Resource report: {"command_name": "init", "command_success": true, "command_wall_clock_time": 0.054056916, "process_user_time": 1.210353, "process_kernel_time": 0.178576, "process_mem_max_rss": "113016832", "process_in_blocks": "0", "process_out_blocks": "0"}
[0m12:06:08.980597 [debug] [MainThread]: Command `dbt init` succeeded at 12:06:08.980455 after 0.05 seconds
[0m12:06:08.980996 [debug] [MainThread]: Sending event: {'category': 'dbt', 'action': 'invocation', 'label': 'end', 'context': [<snowplow_tracker.self_describing_json.SelfDescribingJson object at 0x107ac9f10>, <snowplow_tracker.self_describing_json.SelfDescribingJson object at 0x1043f7610>, <snowplow_tracker.self_describing_json.SelfDescribingJson object at 0x106cf2c50>]}
[0m12:06:08.981371 [debug] [MainThread]: Flushing usage events
[0m12:07:16.361569 [debug] [MainThread]: Sending event: {'category': 'dbt', 'action': 'invocation', 'label': 'start', 'context': [<snowplow_tracker.self_describing_json.SelfDescribingJson object at 0x1160b8350>, <snowplow_tracker.self_describing_json.SelfDescribingJson object at 0x116723510>, <snowplow_tracker.self_describing_json.SelfDescribingJson object at 0x116723ed0>]}


============================== 12:07:16.365423 | 47655104-89c6-4756-af18-7f83317000ad ==============================
[0m12:07:16.365423 [info ] [MainThread]: Running with dbt=1.7.14
[0m12:07:16.365965 [debug] [MainThread]: running dbt with arguments {'printer_width': '80', 'indirect_selection': 'eager', 'write_json': 'True', 'log_cache_events': 'False', 'partial_parse': 'True', 'cache_selected_only': 'False', 'profiles_dir': '/Users/pratham/.dbt', 'fail_fast': 'False', 'version_check': 'True', 'log_path': 'logs', 'warn_error': 'None', 'debug': 'False', 'use_colors': 'True', 'use_experimental_parser': 'False', 'no_print': 'None', 'quiet': 'False', 'log_format': 'default', 'static_parser': 'True', 'invocation_command': 'dbt debug', 'introspect': 'True', 'target_path': 'None', 'warn_error_options': 'WarnErrorOptions(include=[], exclude=[])', 'send_anonymous_usage_stats': 'True'}
[0m12:07:16.366558 [info ] [MainThread]: dbt version: 1.7.14
[0m12:07:16.366857 [info ] [MainThread]: python version: 3.11.9
[0m12:07:16.367139 [info ] [MainThread]: python path: /Library/Frameworks/Python.framework/Versions/3.11/bin/python3.11
[0m12:07:16.367401 [info ] [MainThread]: os info: macOS-26.4-arm64-arm-64bit
[0m12:07:16.371285 [info ] [MainThread]: Error importing adapter: No module named 'dbt.adapters.redshift'
[0m12:07:16.371839 [info ] [MainThread]: Using profiles dir at /Users/pratham/.dbt
[0m12:07:16.372286 [info ] [MainThread]: Using profiles.yml file at /Users/pratham/.dbt/profiles.yml
[0m12:07:16.372568 [info ] [MainThread]: Using dbt_project.yml file at /Users/pratham/Desktop/stock-pipeline/dbt_project.yml
[0m12:07:16.372855 [info ] [MainThread]: Configuration:
[0m12:07:16.373107 [info ] [MainThread]:   profiles.yml file [[31mERROR invalid[0m]
[0m12:07:16.373344 [info ] [MainThread]:   dbt_project.yml file [[31mERROR not found[0m]
[0m12:07:16.373580 [info ] [MainThread]: Required dependencies:
[0m12:07:16.373895 [debug] [MainThread]: Executing "git --help"
[0m12:07:16.385202 [debug] [MainThread]: STDOUT: "b"usage: git [-v | --version] [-h | --help] [-C <path>] [-c <name>=<value>]\n           [--exec-path[=<path>]] [--html-path] [--man-path] [--info-path]\n           [-p | --paginate | -P | --no-pager] [--no-replace-objects] [--no-lazy-fetch]\n           [--no-optional-locks] [--no-advice] [--bare] [--git-dir=<path>]\n           [--work-tree=<path>] [--namespace=<name>] [--config-env=<name>=<envvar>]\n           <command> [<args>]\n\nThese are common Git commands used in various situations:\n\nstart a working area (see also: git help tutorial)\n   clone      Clone a repository into a new directory\n   init       Create an empty Git repository or reinitialize an existing one\n\nwork on the current change (see also: git help everyday)\n   add        Add file contents to the index\n   mv         Move or rename a file, a directory, or a symlink\n   restore    Restore working tree files\n   rm         Remove files from the working tree and from the index\n\nexamine the history and state (see also: git help revisions)\n   bisect     Use binary search to find the commit that introduced a bug\n   diff       Show changes between commits, commit and working tree, etc\n   grep       Print lines matching a pattern\n   log        Show commit logs\n   show       Show various types of objects\n   status     Show the working tree status\n\ngrow, mark and tweak your common history\n   backfill   Download missing objects in a partial clone\n   branch     List, create, or delete branches\n   commit     Record changes to the repository\n   merge      Join two or more development histories together\n   rebase     Reapply commits on top of another base tip\n   reset      Set `HEAD` or the index to a known state\n   switch     Switch branches\n   tag        Create, list, delete or verify tags\n\ncollaborate (see also: git help workflows)\n   fetch      Download objects and refs from another repository\n   pull       Fetch from and integrate with another repository or a local branch\n   push       Update remote refs along with associated objects\n\n'git help -a' and 'git help -g' list available subcommands and some\nconcept guides. See 'git help <command>' or 'git help <concept>'\nto read about a specific subcommand or concept.\nSee 'git help git' for an overview of the system.\n""
[0m12:07:16.385859 [debug] [MainThread]: STDERR: "b''"
[0m12:07:16.386150 [info ] [MainThread]:  - git [[32mOK found[0m]

[0m12:07:16.386431 [info ] [MainThread]: Connection test skipped since no profile was found
[0m12:07:16.386715 [info ] [MainThread]: [31m2 checks failed:[0m
[0m12:07:16.386960 [info ] [MainThread]: Could not load dbt_project.yml
Profile loading failed for the following reason:
Runtime Error
  Credentials in profile "namo_dbt", target "dev" invalid: Runtime Error
    Could not find adapter type redshift!


[0m12:07:16.387207 [info ] [MainThread]: Project loading failed for the following reason:
 project path </Users/pratham/Desktop/stock-pipeline/dbt_project.yml> not found

[0m12:07:16.389351 [debug] [MainThread]: Resource report: {"command_name": "debug", "command_wall_clock_time": 0.06872133, "process_user_time": 1.209234, "process_kernel_time": 0.151955, "process_mem_max_rss": "112279552", "command_success": false, "process_in_blocks": "0", "process_out_blocks": "0"}
[0m12:07:16.389756 [debug] [MainThread]: Command `dbt debug` failed at 12:07:16.389650 after 0.07 seconds
[0m12:07:16.390131 [debug] [MainThread]: Sending event: {'category': 'dbt', 'action': 'invocation', 'label': 'end', 'context': [<snowplow_tracker.self_describing_json.SelfDescribingJson object at 0x1166c9d50>, <snowplow_tracker.self_describing_json.SelfDescribingJson object at 0x1045ee810>, <snowplow_tracker.self_describing_json.SelfDescribingJson object at 0x11675fb50>]}
[0m12:07:16.390501 [debug] [MainThread]: Flushing usage events
[0m12:09:07.218324 [debug] [MainThread]: Sending event: {'category': 'dbt', 'action': 'invocation', 'label': 'start', 'context': [<snowplow_tracker.self_describing_json.SelfDescribingJson object at 0x111019b90>, <snowplow_tracker.self_describing_json.SelfDescribingJson object at 0x1110234d0>, <snowplow_tracker.self_describing_json.SelfDescribingJson object at 0x111023e90>]}


============================== 12:09:07.222383 | 70352b21-9f97-4fd4-87ce-fd673e78a6ad ==============================
[0m12:09:07.222383 [info ] [MainThread]: Running with dbt=1.7.14
[0m12:09:07.222894 [debug] [MainThread]: running dbt with arguments {'printer_width': '80', 'indirect_selection': 'eager', 'write_json': 'True', 'log_cache_events': 'False', 'partial_parse': 'True', 'cache_selected_only': 'False', 'profiles_dir': '/Users/pratham/.dbt', 'debug': 'False', 'warn_error': 'None', 'log_path': 'logs', 'fail_fast': 'False', 'version_check': 'True', 'use_colors': 'True', 'use_experimental_parser': 'False', 'no_print': 'None', 'quiet': 'False', 'warn_error_options': 'WarnErrorOptions(include=[], exclude=[])', 'static_parser': 'True', 'introspect': 'True', 'log_format': 'default', 'target_path': 'None', 'invocation_command': 'dbt init stock_pipeline', 'send_anonymous_usage_stats': 'True'}
[0m12:09:07.223836 [debug] [MainThread]: Starter project path: /Library/Frameworks/Python.framework/Versions/3.11/lib/python3.11/site-packages/dbt/include/starter_project
[0m12:09:07.229474 [info ] [MainThread]: 
Your new dbt project "stock_pipeline" was created!

For more information on how to configure the profiles.yml file,
please consult the dbt documentation here:

  https://docs.getdbt.com/docs/configure-your-profile

One more thing:

Need help? Don't hesitate to reach out to us via GitHub issues or on Slack:

  https://community.getdbt.com/

Happy modeling!

[0m12:09:07.230070 [info ] [MainThread]: Setting up your profile.
[0m12:09:23.485613 [error] [MainThread]: Encountered an error:
list index out of range
[0m12:09:23.490780 [error] [MainThread]: Traceback (most recent call last):
  File "/Library/Frameworks/Python.framework/Versions/3.11/lib/python3.11/site-packages/dbt/cli/requires.py", line 91, in wrapper
    result, success = func(*args, **kwargs)
                      ^^^^^^^^^^^^^^^^^^^^^
  File "/Library/Frameworks/Python.framework/Versions/3.11/lib/python3.11/site-packages/dbt/cli/requires.py", line 76, in wrapper
    return func(*args, **kwargs)
           ^^^^^^^^^^^^^^^^^^^^^
  File "/Library/Frameworks/Python.framework/Versions/3.11/lib/python3.11/site-packages/dbt/cli/main.py", line 515, in init
    results = task.run()
              ^^^^^^^^^^
  File "/Library/Frameworks/Python.framework/Versions/3.11/lib/python3.11/site-packages/dbt/task/init.py", line 344, in run
    self.setup_profile(profile_name)
  File "/Library/Frameworks/Python.framework/Versions/3.11/lib/python3.11/site-packages/dbt/task/init.py", line 263, in setup_profile
    adapter = self.ask_for_adapter_choice()
              ^^^^^^^^^^^^^^^^^^^^^^^^^^^^^
  File "/Library/Frameworks/Python.framework/Versions/3.11/lib/python3.11/site-packages/dbt/task/init.py", line 245, in ask_for_adapter_choice
    return available_adapters[numeric_choice - 1]
           ~~~~~~~~~~~~~~~~~~^^^^^^^^^^^^^^^^^^^^
IndexError: list index out of range

[0m12:09:23.495427 [debug] [MainThread]: Resource report: {"command_name": "init", "command_wall_clock_time": 16.319345, "process_user_time": 1.221175, "process_kernel_time": 0.15442, "process_mem_max_rss": "113934336", "command_success": false, "process_in_blocks": "0", "process_out_blocks": "0"}
[0m12:09:23.496124 [debug] [MainThread]: Command `dbt init` failed at 12:09:23.495958 after 16.32 seconds
[0m12:09:23.496596 [debug] [MainThread]: Sending event: {'category': 'dbt', 'action': 'invocation', 'label': 'end', 'context': [<snowplow_tracker.self_describing_json.SelfDescribingJson object at 0x11104fbd0>, <snowplow_tracker.self_describing_json.SelfDescribingJson object at 0x11104f7d0>, <snowplow_tracker.self_describing_json.SelfDescribingJson object at 0x10265a750>]}
[0m12:09:23.497185 [debug] [MainThread]: Flushing usage events
[0m12:11:27.730551 [debug] [MainThread]: Sending event: {'category': 'dbt', 'action': 'invocation', 'label': 'start', 'context': [<snowplow_tracker.self_describing_json.SelfDescribingJson object at 0x10e20f810>, <snowplow_tracker.self_describing_json.SelfDescribingJson object at 0x10e232890>, <snowplow_tracker.self_describing_json.SelfDescribingJson object at 0x10e233210>]}


============================== 12:11:27.734795 | 234923db-8be3-48f3-89bf-9b48e56a5fea ==============================
[0m12:11:27.734795 [info ] [MainThread]: Running with dbt=1.11.7
[0m12:11:27.735324 [debug] [MainThread]: running dbt with arguments {'invocation_command': 'dbt init stock_pipeline --skip-profile-setup', 'partial_parse': 'True', 'profiles_dir': '/Users/pratham/.dbt', 'log_cache_events': 'False', 'no_print': 'None', 'debug': 'False', 'static_parser': 'True', 'fail_fast': 'False', 'version_check': 'True', 'warn_error_options': 'WarnErrorOptionsV2(error=[], warn=[], silence=[])', 'empty': 'None', 'log_path': 'logs', 'use_colors': 'True', 'indirect_selection': 'eager', 'introspect': 'True', 'cache_selected_only': 'False', 'send_anonymous_usage_stats': 'True', 'warn_error': 'None', 'quiet': 'False', 'use_experimental_parser': 'False', 'log_format': 'default', 'write_json': 'True', 'printer_width': '80', 'target_path': 'None'}
[0m12:11:27.748616 [info ] [MainThread]: A project called stock_pipeline already exists here.
[0m12:11:27.751923 [debug] [MainThread]: Resource report: {"command_name": "init", "command_success": true, "command_wall_clock_time": 0.08020759, "process_in_blocks": "0", "process_kernel_time": 0.221677, "process_mem_max_rss": "116162560", "process_out_blocks": "0", "process_user_time": 0.999047}
[0m12:11:27.752321 [debug] [MainThread]: Command `dbt init` succeeded at 12:11:27.752245 after 0.08 seconds
[0m12:11:27.752633 [debug] [MainThread]: Sending event: {'category': 'dbt', 'action': 'invocation', 'label': 'end', 'context': [<snowplow_tracker.self_describing_json.SelfDescribingJson object at 0x104e18d90>, <snowplow_tracker.self_describing_json.SelfDescribingJson object at 0x104d526d0>, <snowplow_tracker.self_describing_json.SelfDescribingJson object at 0x10d64d090>]}
[0m12:11:27.752943 [debug] [MainThread]: Flushing usage events
[0m12:11:28.625411 [debug] [MainThread]: An error was encountered while trying to flush usage events
