[2026-04-04T12:37:40.563+0000] {taskinstance.py:1957} INFO - Dependencies all met for dep_context=non-requeueable deps ti=<TaskInstance: stock_pipeline_daily.fetch_and_produce manual__2026-04-04T12:32:38.378281+00:00 [queued]>
[2026-04-04T12:37:40.568+0000] {taskinstance.py:1957} INFO - Dependencies all met for dep_context=requeueable deps ti=<TaskInstance: stock_pipeline_daily.fetch_and_produce manual__2026-04-04T12:32:38.378281+00:00 [queued]>
[2026-04-04T12:37:40.569+0000] {taskinstance.py:2171} INFO - Starting attempt 2 of 3
[2026-04-04T12:37:40.577+0000] {taskinstance.py:2192} INFO - Executing <Task(PythonOperator): fetch_and_produce> on 2026-04-04 12:32:38.378281+00:00
[2026-04-04T12:37:40.580+0000] {standard_task_runner.py:60} INFO - Started process 784 to run task
[2026-04-04T12:37:40.582+0000] {standard_task_runner.py:87} INFO - Running: ['***', 'tasks', 'run', 'stock_pipeline_daily', 'fetch_and_produce', 'manual__2026-04-04T12:32:38.378281+00:00', '--job-id', '9', '--raw', '--subdir', 'DAGS_FOLDER/stock_pipeline_dag.py', '--cfg-path', '/tmp/tmpdplrp8ty']
[2026-04-04T12:37:40.585+0000] {standard_task_runner.py:88} INFO - Job 9: Subtask fetch_and_produce
[2026-04-04T12:37:40.626+0000] {task_command.py:423} INFO - Running <TaskInstance: stock_pipeline_daily.fetch_and_produce manual__2026-04-04T12:32:38.378281+00:00 [running]> on host caa7af26cad9
[2026-04-04T12:37:40.685+0000] {taskinstance.py:2481} INFO - Exporting env vars: AIRFLOW_CTX_DAG_OWNER='pratham' AIRFLOW_CTX_DAG_ID='stock_pipeline_daily' AIRFLOW_CTX_TASK_ID='fetch_and_produce' AIRFLOW_CTX_EXECUTION_DATE='2026-04-04T12:32:38.378281+00:00' AIRFLOW_CTX_TRY_NUMBER='2' AIRFLOW_CTX_DAG_RUN_ID='manual__2026-04-04T12:32:38.378281+00:00'
[2026-04-04T12:37:40.690+0000] {taskinstance.py:2699} ERROR - Task failed with exception
Traceback (most recent call last):
  File "/home/airflow/.local/lib/python3.8/site-packages/airflow/models/taskinstance.py", line 433, in _execute_task
    result = execute_callable(context=context, **execute_callable_kwargs)
  File "/home/airflow/.local/lib/python3.8/site-packages/airflow/operators/python.py", line 199, in execute
    return_value = self.execute_callable()
  File "/home/airflow/.local/lib/python3.8/site-packages/airflow/operators/python.py", line 216, in execute_callable
    return self.python_callable(*self.op_args, **self.op_kwargs)
  File "/opt/airflow/dags/stock_pipeline_dag.py", line 31, in task_producer
    run_script(f'{PROJECT_DIR}/ingestion/producer.py')
  File "/opt/airflow/dags/stock_pipeline_dag.py", line 20, in run_script
    result = subprocess.run(
  File "/usr/local/lib/python3.8/subprocess.py", line 493, in run
    with Popen(*popenargs, **kwargs) as process:
  File "/usr/local/lib/python3.8/subprocess.py", line 858, in __init__
    self._execute_child(args, executable, preexec_fn, close_fds,
  File "/usr/local/lib/python3.8/subprocess.py", line 1720, in _execute_child
    raise child_exception_type(errno_num, err_msg, err_filename)
FileNotFoundError: [Errno 2] No such file or directory: '/opt/airflow/project/venv/bin/python'
[2026-04-04T12:37:40.699+0000] {taskinstance.py:1138} INFO - Marking task as UP_FOR_RETRY. dag_id=stock_pipeline_daily, task_id=fetch_and_produce, execution_date=20260404T123238, start_date=20260404T123740, end_date=20260404T123740
[2026-04-04T12:37:40.708+0000] {standard_task_runner.py:107} ERROR - Failed to execute job 9 for task fetch_and_produce ([Errno 2] No such file or directory: '/opt/airflow/project/venv/bin/python'; 784)
[2026-04-04T12:37:40.723+0000] {local_task_job_runner.py:234} INFO - Task exited with return code 1
[2026-04-04T12:37:40.742+0000] {taskinstance.py:3281} INFO - 0 downstream tasks scheduled from follow-on schedule check
